<?xml version="1.0" encoding="UTF-8"?>
<robot generator="Robot 6.1 (Python 3.11.4 on win32)" generated="20231207 04:01:40.527" rpa="false" schemaversion="4">
<suite id="s1" name="Tests" source="C:\git\RobotTest\tests">
<suite id="s1-s1" name="Automobile  Insurance" source="C:\git\RobotTest\tests\automobile _insurance.robot">
<test id="s1-s1-t1" name="Fill out the insurance form and validate the success message" line="9">
<kw name="Open Main Page Using Chrome Browser" library="resources" type="SETUP">
<kw name="Open Browser" library="SeleniumLibrary">
<arg>${MAIN_PAGE}</arg>
<arg>chrome</arg>
<arg>executable_path=${CHROME_DRIVER_PATH}</arg>
<doc>Opens a new browser instance to the optional ``url``.</doc>
<msg timestamp="20231207 04:01:40.759" level="INFO">Opening browser 'chrome' to base url 'http://sampleapp.tricentis.com/101/app.php'.</msg>
<status status="PASS" starttime="20231207 04:01:40.759" endtime="20231207 04:01:42.782"/>
</kw>
<kw name="Maximize Browser Window" library="SeleniumLibrary">
<doc>Maximizes current browser window.</doc>
<status status="PASS" starttime="20231207 04:01:42.782" endtime="20231207 04:01:42.895"/>
</kw>
<status status="PASS" starttime="20231207 04:01:40.758" endtime="20231207 04:01:42.895"/>
</kw>
<kw name="When the user fills in the vehicle data" library="automobile_insurance_page">
<kw name="Get File" library="OperatingSystem">
<var>${dados}</var>
<arg>${JSON_DATA}</arg>
<doc>Returns the contents of a specified file.</doc>
<msg timestamp="20231207 04:01:42.895" level="INFO" html="true">Getting file '&lt;a href="file://C:\git\RobotTest\dados\data.json"&gt;C:\git\RobotTest\dados\data.json&lt;/a&gt;'.</msg>
<msg timestamp="20231207 04:01:42.896" level="INFO">${dados} = {
  "vehicle_data": {
    "make": "Audi",
    "engineperformance": "250",
    "model": "Moped",
    "cylindercapacity": "1000",
    "payload": "500",
    "totalweight": "500",
    "dateofmanufacture":...</msg>
<status status="PASS" starttime="20231207 04:01:42.895" endtime="20231207 04:01:42.896"/>
</kw>
<kw name="Evaluate" library="BuiltIn">
<var>${dados_dict}</var>
<arg>json.loads('''${dados}''')</arg>
<arg>json</arg>
<doc>Evaluates the given expression in Python and returns the result.</doc>
<msg timestamp="20231207 04:01:42.896" level="INFO">${dados_dict} = {'vehicle_data': {'make': 'Audi', 'engineperformance': '250', 'model': 'Moped', 'cylindercapacity': '1000', 'payload': '500', 'totalweight': '500', 'dateofmanufacture': '01/01/2021', 'numberofseatsmot...</msg>
<status status="PASS" starttime="20231207 04:01:42.896" endtime="20231207 04:01:42.896"/>
</kw>
<kw name="Select From List By Value" library="SeleniumLibrary">
<arg>id=make</arg>
<arg>${dados_dict['vehicle_data']['make']}</arg>
<doc>Selects options from selection list ``locator`` by ``values``.</doc>
<msg timestamp="20231207 04:01:42.897" level="INFO">Selecting options from selection list 'id=make' by value Audi.</msg>
<status status="PASS" starttime="20231207 04:01:42.896" endtime="20231207 04:01:42.983"/>
</kw>
<kw name="Input Text" library="SeleniumLibrary">
<arg>id=dateofmanufacture</arg>
<arg>${dados_dict['vehicle_data']['dateofmanufacture']}</arg>
<doc>Types the given ``text`` into the text field identified by ``locator``.</doc>
<msg timestamp="20231207 04:01:42.985" level="INFO">Typing text '01/01/2021' into text field 'id=dateofmanufacture'.</msg>
<status status="PASS" starttime="20231207 04:01:42.984" endtime="20231207 04:01:43.124"/>
</kw>
<kw name="Select From List By Value" library="SeleniumLibrary">
<arg>id=model</arg>
<arg>${dados_dict['vehicle_data']['model']}</arg>
<doc>Selects options from selection list ``locator`` by ``values``.</doc>
<msg timestamp="20231207 04:01:43.125" level="INFO">Selecting options from selection list 'id=model' by value Moped.</msg>
<status status="PASS" starttime="20231207 04:01:43.124" endtime="20231207 04:01:43.188"/>
</kw>
<kw name="Input Text" library="SeleniumLibrary">
<arg>id=cylindercapacity</arg>
<arg>${dados_dict['vehicle_data']['cylindercapacity']}</arg>
<doc>Types the given ``text`` into the text field identified by ``locator``.</doc>
<msg timestamp="20231207 04:01:43.189" level="INFO">Typing text '1000' into text field 'id=cylindercapacity'.</msg>
<status status="PASS" starttime="20231207 04:01:43.188" endtime="20231207 04:01:43.263"/>
</kw>
<kw name="Input Text" library="SeleniumLibrary">
<arg>id=payload</arg>
<arg>${dados_dict['vehicle_data']['payload']}</arg>
<doc>Types the given ``text`` into the text field identified by ``locator``.</doc>
<msg timestamp="20231207 04:01:43.264" level="INFO">Typing text '500' into text field 'id=payload'.</msg>
<status status="PASS" starttime="20231207 04:01:43.263" endtime="20231207 04:01:43.335"/>
</kw>
<kw name="Input Text" library="SeleniumLibrary">
<arg>id=totalweight</arg>
<arg>${dados_dict['vehicle_data']['totalweight']}</arg>
<doc>Types the given ``text`` into the text field identified by ``locator``.</doc>
<msg timestamp="20231207 04:01:43.336" level="INFO">Typing text '500' into text field 'id=totalweight'.</msg>
<status status="PASS" starttime="20231207 04:01:43.335" endtime="20231207 04:01:43.410"/>
</kw>
<kw name="Input Text" library="SeleniumLibrary">
<arg>id=engineperformance</arg>
<arg>${dados_dict['vehicle_data']['engineperformance']}</arg>
<doc>Types the given ``text`` into the text field identified by ``locator``.</doc>
<msg timestamp="20231207 04:01:43.412" level="INFO">Typing text '250' into text field 'id=engineperformance'.</msg>
<status status="PASS" starttime="20231207 04:01:43.410" endtime="20231207 04:01:43.487"/>
</kw>
<kw name="Select From List By Value" library="SeleniumLibrary">
<arg>id=numberofseats</arg>
<arg>${dados_dict['vehicle_data']['numberofseats']}</arg>
<doc>Selects options from selection list ``locator`` by ``values``.</doc>
<msg timestamp="20231207 04:01:43.488" level="INFO">Selecting options from selection list 'id=numberofseats' by value 2.</msg>
<status status="PASS" starttime="20231207 04:01:43.487" endtime="20231207 04:01:43.546"/>
</kw>
<kw name="Select From List By Value" library="SeleniumLibrary">
<arg>id=numberofseatsmotorcycle</arg>
<arg>${dados_dict['vehicle_data']['numberofseatsmotorcycle']}</arg>
<doc>Selects options from selection list ``locator`` by ``values``.</doc>
<msg timestamp="20231207 04:01:43.547" level="INFO">Selecting options from selection list 'id=numberofseatsmotorcycle' by value 2.</msg>
<status status="PASS" starttime="20231207 04:01:43.547" endtime="20231207 04:01:43.602"/>
</kw>
<kw name="Select From List By Value" library="SeleniumLibrary">
<arg>id=fuel</arg>
<arg>Gas</arg>
<arg>${dados_dict['vehicle_data']['fuel']}</arg>
<doc>Selects options from selection list ``locator`` by ``values``.</doc>
<msg timestamp="20231207 04:01:43.603" level="INFO">Selecting options from selection list 'id=fuel' by values Gas, Gas.</msg>
<status status="PASS" starttime="20231207 04:01:43.602" endtime="20231207 04:01:43.673"/>
</kw>
<kw name="Input Text" library="SeleniumLibrary">
<arg>id=listprice</arg>
<arg>20000</arg>
<arg>${dados_dict['vehicle_data']['listprice']}</arg>
<doc>Types the given ``text`` into the text field identified by ``locator``.</doc>
<msg timestamp="20231207 04:01:43.673" level="INFO">Typing text '20000' into text field 'id=listprice'.</msg>
<status status="PASS" starttime="20231207 04:01:43.673" endtime="20231207 04:01:43.753"/>
</kw>
<kw name="Input Text" library="SeleniumLibrary">
<arg>id=annualmileage</arg>
<arg>10000</arg>
<arg>${dados_dict['vehicle_data']['annualmileage']}</arg>
<doc>Types the given ``text`` into the text field identified by ``locator``.</doc>
<msg timestamp="20231207 04:01:43.754" level="INFO">Typing text '10000' into text field 'id=annualmileage'.</msg>
<status status="PASS" starttime="20231207 04:01:43.753" endtime="20231207 04:01:43.832"/>
</kw>
<kw name="Click Element" library="SeleniumLibrary">
<arg>id=enterinsurantdata</arg>
<doc>Click the element identified by ``locator``.</doc>
<msg timestamp="20231207 04:01:43.832" level="INFO">Clicking element 'id=enterinsurantdata'.</msg>
<status status="PASS" starttime="20231207 04:01:43.832" endtime="20231207 04:01:43.892"/>
</kw>
<status status="PASS" starttime="20231207 04:01:42.895" endtime="20231207 04:01:43.892"/>
</kw>
<kw name="And fills in the insurant data" library="automobile_insurance_page">
<kw name="Get File" library="OperatingSystem">
<var>${dados}</var>
<arg>${JSON_DATA}</arg>
<doc>Returns the contents of a specified file.</doc>
<msg timestamp="20231207 04:01:43.894" level="INFO" html="true">Getting file '&lt;a href="file://C:\git\RobotTest\dados\data.json"&gt;C:\git\RobotTest\dados\data.json&lt;/a&gt;'.</msg>
<msg timestamp="20231207 04:01:43.894" level="INFO">${dados} = {
  "vehicle_data": {
    "make": "Audi",
    "engineperformance": "250",
    "model": "Moped",
    "cylindercapacity": "1000",
    "payload": "500",
    "totalweight": "500",
    "dateofmanufacture":...</msg>
<status status="PASS" starttime="20231207 04:01:43.893" endtime="20231207 04:01:43.894"/>
</kw>
<kw name="Evaluate" library="BuiltIn">
<var>${dados_dict}</var>
<arg>json.loads('''${dados}''')</arg>
<arg>json</arg>
<doc>Evaluates the given expression in Python and returns the result.</doc>
<msg timestamp="20231207 04:01:43.895" level="INFO">${dados_dict} = {'vehicle_data': {'make': 'Audi', 'engineperformance': '250', 'model': 'Moped', 'cylindercapacity': '1000', 'payload': '500', 'totalweight': '500', 'dateofmanufacture': '01/01/2021', 'numberofseatsmot...</msg>
<status status="PASS" starttime="20231207 04:01:43.895" endtime="20231207 04:01:43.895"/>
</kw>
<kw name="Input Text" library="SeleniumLibrary">
<arg>id=firstname</arg>
<arg>${dados_dict['insurant_data']['first_name']}</arg>
<doc>Types the given ``text`` into the text field identified by ``locator``.</doc>
<msg timestamp="20231207 04:01:43.896" level="INFO">Typing text 'Thiago' into text field 'id=firstname'.</msg>
<status status="PASS" starttime="20231207 04:01:43.895" endtime="20231207 04:01:43.996"/>
</kw>
<kw name="Input Text" library="SeleniumLibrary">
<arg>id=lastname</arg>
<arg>${dados_dict['insurant_data']['last_name']}</arg>
<doc>Types the given ``text`` into the text field identified by ``locator``.</doc>
<msg timestamp="20231207 04:01:43.997" level="INFO">Typing text 'Lima' into text field 'id=lastname'.</msg>
<status status="PASS" starttime="20231207 04:01:43.996" endtime="20231207 04:01:44.083"/>
</kw>
<kw name="Input Text" library="SeleniumLibrary">
<arg>id=birthdate</arg>
<arg>${dados_dict['insurant_data']['birth']}</arg>
<doc>Types the given ``text`` into the text field identified by ``locator``.</doc>
<msg timestamp="20231207 04:01:44.084" level="INFO">Typing text '01/01/1997' into text field 'id=birthdate'.</msg>
<status status="PASS" starttime="20231207 04:01:44.083" endtime="20231207 04:01:44.209"/>
</kw>
<kw name="Execute Javascript" library="SeleniumLibrary">
<arg>document.getElementById('${dados_dict['insurant_data']['gender']}').click();</arg>
<doc>Executes the given JavaScript code with possible arguments.</doc>
<msg timestamp="20231207 04:01:44.210" level="INFO">Executing JavaScript:
document.getElementById('gendermale').click();
Without any arguments.</msg>
<status status="PASS" starttime="20231207 04:01:44.209" endtime="20231207 04:01:44.220"/>
</kw>
<kw name="Input Text" library="SeleniumLibrary">
<arg>id=streetaddress</arg>
<arg>${dados_dict['insurant_data']['street_address']}</arg>
<doc>Types the given ``text`` into the text field identified by ``locator``.</doc>
<msg timestamp="20231207 04:01:44.220" level="INFO">Typing text 'Rua Camarao Vermelho' into text field 'id=streetaddress'.</msg>
<status status="PASS" starttime="20231207 04:01:44.220" endtime="20231207 04:01:44.319"/>
</kw>
<kw name="Select From List By Value" library="SeleniumLibrary">
<arg>id=country</arg>
<arg>${dados_dict['insurant_data']['country']}</arg>
<doc>Selects options from selection list ``locator`` by ``values``.</doc>
<msg timestamp="20231207 04:01:44.320" level="INFO">Selecting options from selection list 'id=country' by value Brazil.</msg>
<status status="PASS" starttime="20231207 04:01:44.319" endtime="20231207 04:01:44.375"/>
</kw>
<kw name="Input Text" library="SeleniumLibrary">
<arg>id=zipcode</arg>
<arg>${dados_dict['insurant_data']['zip']}</arg>
<doc>Types the given ``text`` into the text field identified by ``locator``.</doc>
<msg timestamp="20231207 04:01:44.376" level="INFO">Typing text '07791120' into text field 'id=zipcode'.</msg>
<status status="PASS" starttime="20231207 04:01:44.375" endtime="20231207 04:01:44.461"/>
</kw>
<kw name="Input Text" library="SeleniumLibrary">
<arg>id=city</arg>
<arg>${dados_dict['insurant_data']['city']}</arg>
<doc>Types the given ``text`` into the text field identified by ``locator``.</doc>
<msg timestamp="20231207 04:01:44.462" level="INFO">Typing text 'Sao Paulo' into text field 'id=city'.</msg>
<status status="PASS" starttime="20231207 04:01:44.461" endtime="20231207 04:01:44.533"/>
</kw>
<kw name="Select From List By Value" library="SeleniumLibrary">
<arg>id=occupation</arg>
<arg>${dados_dict['insurant_data']['occupation']}</arg>
<doc>Selects options from selection list ``locator`` by ``values``.</doc>
<msg timestamp="20231207 04:01:44.533" level="INFO">Selecting options from selection list 'id=occupation' by value Employee.</msg>
<status status="PASS" starttime="20231207 04:01:44.533" endtime="20231207 04:01:44.589"/>
</kw>
<kw name="Execute Javascript" library="SeleniumLibrary">
<arg>document.getElementById('${dados_dict['insurant_data']['hobbies']}').click();</arg>
<doc>Executes the given JavaScript code with possible arguments.</doc>
<msg timestamp="20231207 04:01:44.590" level="INFO">Executing JavaScript:
document.getElementById('speeding').click();
Without any arguments.</msg>
<status status="PASS" starttime="20231207 04:01:44.589" endtime="20231207 04:01:44.599"/>
</kw>
<kw name="Click Element" library="SeleniumLibrary">
<arg>id=nextenterproductdata</arg>
<doc>Click the element identified by ``locator``.</doc>
<msg timestamp="20231207 04:01:44.600" level="INFO">Clicking element 'id=nextenterproductdata'.</msg>
<status status="PASS" starttime="20231207 04:01:44.599" endtime="20231207 04:01:44.651"/>
</kw>
<status status="PASS" starttime="20231207 04:01:43.892" endtime="20231207 04:01:44.651"/>
</kw>
<kw name="And fills in the product data" library="automobile_insurance_page">
<kw name="Get File" library="OperatingSystem">
<var>${dados}</var>
<arg>${JSON_DATA}</arg>
<doc>Returns the contents of a specified file.</doc>
<msg timestamp="20231207 04:01:44.651" level="INFO" html="true">Getting file '&lt;a href="file://C:\git\RobotTest\dados\data.json"&gt;C:\git\RobotTest\dados\data.json&lt;/a&gt;'.</msg>
<msg timestamp="20231207 04:01:44.652" level="INFO">${dados} = {
  "vehicle_data": {
    "make": "Audi",
    "engineperformance": "250",
    "model": "Moped",
    "cylindercapacity": "1000",
    "payload": "500",
    "totalweight": "500",
    "dateofmanufacture":...</msg>
<status status="PASS" starttime="20231207 04:01:44.651" endtime="20231207 04:01:44.652"/>
</kw>
<kw name="Evaluate" library="BuiltIn">
<var>${dados_dict}</var>
<arg>json.loads('''${dados}''')</arg>
<arg>json</arg>
<doc>Evaluates the given expression in Python and returns the result.</doc>
<msg timestamp="20231207 04:01:44.652" level="INFO">${dados_dict} = {'vehicle_data': {'make': 'Audi', 'engineperformance': '250', 'model': 'Moped', 'cylindercapacity': '1000', 'payload': '500', 'totalweight': '500', 'dateofmanufacture': '01/01/2021', 'numberofseatsmot...</msg>
<status status="PASS" starttime="20231207 04:01:44.652" endtime="20231207 04:01:44.652"/>
</kw>
<kw name="Input Text" library="SeleniumLibrary">
<arg>id=startdate</arg>
<arg>${dados_dict['product_data']['start_data']}</arg>
<doc>Types the given ``text`` into the text field identified by ``locator``.</doc>
<msg timestamp="20231207 04:01:44.653" level="INFO">Typing text '07/01/2024' into text field 'id=startdate'.</msg>
<status status="PASS" starttime="20231207 04:01:44.652" endtime="20231207 04:01:44.758"/>
</kw>
<kw name="Select From List By Value" library="SeleniumLibrary">
<arg>id=insurancesum</arg>
<arg>${dados_dict['product_data']['sum']}</arg>
<doc>Selects options from selection list ``locator`` by ``values``.</doc>
<msg timestamp="20231207 04:01:44.759" level="INFO">Selecting options from selection list 'id=insurancesum' by value 3000000.</msg>
<status status="PASS" starttime="20231207 04:01:44.759" endtime="20231207 04:01:44.822"/>
</kw>
<kw name="Select From List By Value" library="SeleniumLibrary">
<arg>id=meritrating</arg>
<arg>${dados_dict['product_data']['bonus']}</arg>
<doc>Selects options from selection list ``locator`` by ``values``.</doc>
<msg timestamp="20231207 04:01:44.822" level="INFO">Selecting options from selection list 'id=meritrating' by value Super Bonus.</msg>
<status status="PASS" starttime="20231207 04:01:44.822" endtime="20231207 04:01:44.882"/>
</kw>
<kw name="Select From List By Value" library="SeleniumLibrary">
<arg>id=damageinsurance</arg>
<arg>${dados_dict['product_data']['damage']}</arg>
<doc>Selects options from selection list ``locator`` by ``values``.</doc>
<msg timestamp="20231207 04:01:44.883" level="INFO">Selecting options from selection list 'id=damageinsurance' by value Partial Coverage.</msg>
<status status="PASS" starttime="20231207 04:01:44.882" endtime="20231207 04:01:44.938"/>
</kw>
<kw name="Execute Javascript" library="SeleniumLibrary">
<arg>document.getElementById('${dados_dict['product_data']['optional_product']}').click();</arg>
<doc>Executes the given JavaScript code with possible arguments.</doc>
<msg timestamp="20231207 04:01:44.939" level="INFO">Executing JavaScript:
document.getElementById('LegalDefenseInsurance').click();
Without any arguments.</msg>
<status status="PASS" starttime="20231207 04:01:44.938" endtime="20231207 04:01:44.950"/>
</kw>
<kw name="Select From List By Value" library="SeleniumLibrary">
<arg>id=courtesycar</arg>
<arg>${dados_dict['product_data']['courtesy']}</arg>
<doc>Selects options from selection list ``locator`` by ``values``.</doc>
<msg timestamp="20231207 04:01:44.950" level="INFO">Selecting options from selection list 'id=courtesycar' by value No.</msg>
<status status="PASS" starttime="20231207 04:01:44.950" endtime="20231207 04:01:45.009"/>
</kw>
<kw name="Click Element" library="SeleniumLibrary">
<arg>id=nextselectpriceoption</arg>
<doc>Click the element identified by ``locator``.</doc>
<msg timestamp="20231207 04:01:45.010" level="INFO">Clicking element 'id=nextselectpriceoption'.</msg>
<status status="PASS" starttime="20231207 04:01:45.009" endtime="20231207 04:01:45.072"/>
</kw>
<status status="PASS" starttime="20231207 04:01:44.651" endtime="20231207 04:01:45.072"/>
</kw>
<kw name="And the user choose a price option" library="automobile_insurance_page">
<kw name="Get File" library="OperatingSystem">
<var>${dados}</var>
<arg>${JSON_DATA}</arg>
<doc>Returns the contents of a specified file.</doc>
<msg timestamp="20231207 04:01:45.073" level="INFO" html="true">Getting file '&lt;a href="file://C:\git\RobotTest\dados\data.json"&gt;C:\git\RobotTest\dados\data.json&lt;/a&gt;'.</msg>
<msg timestamp="20231207 04:01:45.073" level="INFO">${dados} = {
  "vehicle_data": {
    "make": "Audi",
    "engineperformance": "250",
    "model": "Moped",
    "cylindercapacity": "1000",
    "payload": "500",
    "totalweight": "500",
    "dateofmanufacture":...</msg>
<status status="PASS" starttime="20231207 04:01:45.073" endtime="20231207 04:01:45.073"/>
</kw>
<kw name="Evaluate" library="BuiltIn">
<var>${dados_dict}</var>
<arg>json.loads('''${dados}''')</arg>
<arg>json</arg>
<doc>Evaluates the given expression in Python and returns the result.</doc>
<msg timestamp="20231207 04:01:45.073" level="INFO">${dados_dict} = {'vehicle_data': {'make': 'Audi', 'engineperformance': '250', 'model': 'Moped', 'cylindercapacity': '1000', 'payload': '500', 'totalweight': '500', 'dateofmanufacture': '01/01/2021', 'numberofseatsmot...</msg>
<status status="PASS" starttime="20231207 04:01:45.073" endtime="20231207 04:01:45.073"/>
</kw>
<kw name="Wait Until Element Is Visible" library="SeleniumLibrary">
<arg>xpath=//span[@id='selectsilver_price']</arg>
<doc>Waits until the element ``locator`` is visible.</doc>
<status status="PASS" starttime="20231207 04:01:45.074" endtime="20231207 04:01:45.099"/>
</kw>
<kw name="Get Text" library="SeleniumLibrary">
<var>${silver_price}</var>
<arg>xpath=//span[@id='selectsilver_price']</arg>
<doc>Returns the text value of the element identified by ``locator``.</doc>
<msg timestamp="20231207 04:01:45.117" level="INFO">${silver_price} = 205.00</msg>
<status status="PASS" starttime="20231207 04:01:45.099" endtime="20231207 04:01:45.117"/>
</kw>
<kw name="Get Text" library="SeleniumLibrary">
<var>${gold_price}</var>
<arg>xpath=//span[@id='selectgold_price']</arg>
<doc>Returns the text value of the element identified by ``locator``.</doc>
<msg timestamp="20231207 04:01:45.132" level="INFO">${gold_price} = 606.00</msg>
<status status="PASS" starttime="20231207 04:01:45.117" endtime="20231207 04:01:45.132"/>
</kw>
<kw name="Get Text" library="SeleniumLibrary">
<var>${platinum_price}</var>
<arg>xpath=//span[@id='selectplatinum_price']</arg>
<doc>Returns the text value of the element identified by ``locator``.</doc>
<msg timestamp="20231207 04:01:45.147" level="INFO">${platinum_price} = 1,189.00</msg>
<status status="PASS" starttime="20231207 04:01:45.133" endtime="20231207 04:01:45.147"/>
</kw>
<kw name="Get Text" library="SeleniumLibrary">
<var>${ultimate_price}</var>
<arg>xpath=//span[@id='selectultimate_price']</arg>
<doc>Returns the text value of the element identified by ``locator``.</doc>
<msg timestamp="20231207 04:01:45.163" level="INFO">${ultimate_price} = 2,266.00</msg>
<status status="PASS" starttime="20231207 04:01:45.147" endtime="20231207 04:01:45.163"/>
</kw>
<kw name="Log Many" library="BuiltIn">
<arg>Silver Price: ${silver_price}</arg>
<arg>GOLD Price: ${gold_price}</arg>
<arg>Platinum Price: ${platinum_price}</arg>
<arg>Ultimate Price: ${ultimate_price}</arg>
<doc>Logs the given messages as separate entries using the INFO level.</doc>
<msg timestamp="20231207 04:01:45.163" level="INFO">Silver Price: 205.00</msg>
<msg timestamp="20231207 04:01:45.163" level="INFO">GOLD Price: 606.00</msg>
<msg timestamp="20231207 04:01:45.163" level="INFO">Platinum Price: 1,189.00</msg>
<msg timestamp="20231207 04:01:45.163" level="INFO">Ultimate Price: 2,266.00</msg>
<status status="PASS" starttime="20231207 04:01:45.163" endtime="20231207 04:01:45.163"/>
</kw>
<kw name="Execute Javascript" library="SeleniumLibrary">
<arg>document.getElementById('selectgold').click();</arg>
<doc>Executes the given JavaScript code with possible arguments.</doc>
<msg timestamp="20231207 04:01:45.164" level="INFO">Executing JavaScript:
document.getElementById('selectgold').click();
Without any arguments.</msg>
<status status="PASS" starttime="20231207 04:01:45.163" endtime="20231207 04:01:45.171"/>
</kw>
<kw name="Log Many" library="BuiltIn">
<arg>GOLD Price ${gold_price} was chosen by user</arg>
<doc>Logs the given messages as separate entries using the INFO level.</doc>
<msg timestamp="20231207 04:01:45.172" level="INFO">GOLD Price 606.00 was chosen by user</msg>
<status status="PASS" starttime="20231207 04:01:45.172" endtime="20231207 04:01:45.172"/>
</kw>
<kw name="Wait Until Element Is Visible" library="SeleniumLibrary">
<arg>id=nextsendquote</arg>
<doc>Waits until the element ``locator`` is visible.</doc>
<status status="PASS" starttime="20231207 04:01:45.172" endtime="20231207 04:01:45.639"/>
</kw>
<kw name="Click Element" library="SeleniumLibrary">
<arg>id=nextsendquote</arg>
<doc>Click the element identified by ``locator``.</doc>
<msg timestamp="20231207 04:01:45.640" level="INFO">Clicking element 'id=nextsendquote'.</msg>
<status status="PASS" starttime="20231207 04:01:45.640" endtime="20231207 04:01:45.679"/>
</kw>
<status status="PASS" starttime="20231207 04:01:45.072" endtime="20231207 04:01:45.679"/>
</kw>
<kw name="And fills in the insurant data and send a quote" library="automobile_insurance_page">
<kw name="Get File" library="OperatingSystem">
<var>${dados}</var>
<arg>${JSON_DATA}</arg>
<doc>Returns the contents of a specified file.</doc>
<msg timestamp="20231207 04:01:45.680" level="INFO" html="true">Getting file '&lt;a href="file://C:\git\RobotTest\dados\data.json"&gt;C:\git\RobotTest\dados\data.json&lt;/a&gt;'.</msg>
<msg timestamp="20231207 04:01:45.681" level="INFO">${dados} = {
  "vehicle_data": {
    "make": "Audi",
    "engineperformance": "250",
    "model": "Moped",
    "cylindercapacity": "1000",
    "payload": "500",
    "totalweight": "500",
    "dateofmanufacture":...</msg>
<status status="PASS" starttime="20231207 04:01:45.680" endtime="20231207 04:01:45.681"/>
</kw>
<kw name="Evaluate" library="BuiltIn">
<var>${dados_dict}</var>
<arg>json.loads('''${dados}''')</arg>
<arg>json</arg>
<doc>Evaluates the given expression in Python and returns the result.</doc>
<msg timestamp="20231207 04:01:45.681" level="INFO">${dados_dict} = {'vehicle_data': {'make': 'Audi', 'engineperformance': '250', 'model': 'Moped', 'cylindercapacity': '1000', 'payload': '500', 'totalweight': '500', 'dateofmanufacture': '01/01/2021', 'numberofseatsmot...</msg>
<status status="PASS" starttime="20231207 04:01:45.681" endtime="20231207 04:01:45.681"/>
</kw>
<kw name="Wait Until Page Contains Element" library="SeleniumLibrary">
<arg>id=email</arg>
<doc>Waits until the element ``locator`` appears on the current page.</doc>
<status status="PASS" starttime="20231207 04:01:45.681" endtime="20231207 04:01:45.691"/>
</kw>
<kw name="Input Text" library="SeleniumLibrary">
<arg>id=email</arg>
<arg>${dados_dict['send_quote']['email']}</arg>
<doc>Types the given ``text`` into the text field identified by ``locator``.</doc>
<msg timestamp="20231207 04:01:45.692" level="INFO">Typing text 'strikethiago@hotmail.com' into text field 'id=email'.</msg>
<status status="PASS" starttime="20231207 04:01:45.691" endtime="20231207 04:01:45.823"/>
</kw>
<kw name="Input Text" library="SeleniumLibrary">
<arg>id=username</arg>
<arg>${dados_dict['send_quote']['username']}</arg>
<doc>Types the given ``text`` into the text field identified by ``locator``.</doc>
<msg timestamp="20231207 04:01:45.824" level="INFO">Typing text 'thiagosi' into text field 'id=username'.</msg>
<status status="PASS" starttime="20231207 04:01:45.823" endtime="20231207 04:01:45.906"/>
</kw>
<kw name="Input Text" library="SeleniumLibrary">
<arg>id=password</arg>
<arg>${dados_dict['send_quote']['password']}</arg>
<doc>Types the given ``text`` into the text field identified by ``locator``.</doc>
<msg timestamp="20231207 04:01:45.907" level="INFO">Typing text '123456Th' into text field 'id=password'.</msg>
<status status="PASS" starttime="20231207 04:01:45.907" endtime="20231207 04:01:45.995"/>
</kw>
<kw name="Input Text" library="SeleniumLibrary">
<arg>id=confirmpassword</arg>
<arg>${dados_dict['send_quote']['password']}</arg>
<doc>Types the given ``text`` into the text field identified by ``locator``.</doc>
<msg timestamp="20231207 04:01:45.996" level="INFO">Typing text '123456Th' into text field 'id=confirmpassword'.</msg>
<status status="PASS" starttime="20231207 04:01:45.995" endtime="20231207 04:01:46.084"/>
</kw>
<kw name="Input Text" library="SeleniumLibrary">
<arg>id=Comments</arg>
<arg>${dados_dict['send_quote']['comments']}</arg>
<doc>Types the given ``text`` into the text field identified by ``locator``.</doc>
<msg timestamp="20231207 04:01:46.085" level="INFO">Typing text 'test' into text field 'id=Comments'.</msg>
<status status="PASS" starttime="20231207 04:01:46.084" endtime="20231207 04:01:46.149"/>
</kw>
<kw name="Click Element" library="SeleniumLibrary">
<arg>id=sendemail</arg>
<doc>Click the element identified by ``locator``.</doc>
<msg timestamp="20231207 04:01:46.150" level="INFO">Clicking element 'id=sendemail'.</msg>
<status status="PASS" starttime="20231207 04:01:46.149" endtime="20231207 04:01:46.188"/>
</kw>
<kw name="Wait Until Keyword Succeeds" library="BuiltIn">
<arg>15s</arg>
<arg>1s</arg>
<arg>Page Should Contain Element</arg>
<arg>xpath=//h2[contains(text(),'Sending e-mail success!')]</arg>
<doc>Runs the specified keyword and retries if it fails.</doc>
<kw name="Page Should Contain Element" library="SeleniumLibrary">
<arg>xpath=//h2[contains(text(),'Sending e-mail success!')]</arg>
<doc>Verifies that element ``locator`` is found on the current page.</doc>
<msg timestamp="20231207 04:01:46.432" level="INFO" html="true">&lt;/td&gt;&lt;/tr&gt;&lt;tr&gt;&lt;td colspan="3"&gt;&lt;a href="selenium-screenshot-15.png"&gt;&lt;img src="selenium-screenshot-15.png" width="800px"&gt;&lt;/a&gt;</msg>
<msg timestamp="20231207 04:01:46.432" level="FAIL">Page should have contained element 'xpath=//h2[contains(text(),'Sending e-mail success!')]' but did not.</msg>
<status status="FAIL" starttime="20231207 04:01:46.188" endtime="20231207 04:01:46.434"/>
</kw>
<kw name="Page Should Contain Element" library="SeleniumLibrary">
<arg>xpath=//h2[contains(text(),'Sending e-mail success!')]</arg>
<doc>Verifies that element ``locator`` is found on the current page.</doc>
<msg timestamp="20231207 04:01:47.623" level="INFO" html="true">&lt;/td&gt;&lt;/tr&gt;&lt;tr&gt;&lt;td colspan="3"&gt;&lt;a href="selenium-screenshot-16.png"&gt;&lt;img src="selenium-screenshot-16.png" width="800px"&gt;&lt;/a&gt;</msg>
<msg timestamp="20231207 04:01:47.623" level="FAIL">Page should have contained element 'xpath=//h2[contains(text(),'Sending e-mail success!')]' but did not.</msg>
<status status="FAIL" starttime="20231207 04:01:47.434" endtime="20231207 04:01:47.623"/>
</kw>
<kw name="Page Should Contain Element" library="SeleniumLibrary">
<arg>xpath=//h2[contains(text(),'Sending e-mail success!')]</arg>
<doc>Verifies that element ``locator`` is found on the current page.</doc>
<msg timestamp="20231207 04:01:48.853" level="INFO" html="true">&lt;/td&gt;&lt;/tr&gt;&lt;tr&gt;&lt;td colspan="3"&gt;&lt;a href="selenium-screenshot-17.png"&gt;&lt;img src="selenium-screenshot-17.png" width="800px"&gt;&lt;/a&gt;</msg>
<msg timestamp="20231207 04:01:48.853" level="FAIL">Page should have contained element 'xpath=//h2[contains(text(),'Sending e-mail success!')]' but did not.</msg>
<status status="FAIL" starttime="20231207 04:01:48.624" endtime="20231207 04:01:48.853"/>
</kw>
<kw name="Page Should Contain Element" library="SeleniumLibrary">
<arg>xpath=//h2[contains(text(),'Sending e-mail success!')]</arg>
<doc>Verifies that element ``locator`` is found on the current page.</doc>
<msg timestamp="20231207 04:01:50.061" level="INFO" html="true">&lt;/td&gt;&lt;/tr&gt;&lt;tr&gt;&lt;td colspan="3"&gt;&lt;a href="selenium-screenshot-18.png"&gt;&lt;img src="selenium-screenshot-18.png" width="800px"&gt;&lt;/a&gt;</msg>
<msg timestamp="20231207 04:01:50.062" level="FAIL">Page should have contained element 'xpath=//h2[contains(text(),'Sending e-mail success!')]' but did not.</msg>
<status status="FAIL" starttime="20231207 04:01:49.853" endtime="20231207 04:01:50.062"/>
</kw>
<kw name="Page Should Contain Element" library="SeleniumLibrary">
<arg>xpath=//h2[contains(text(),'Sending e-mail success!')]</arg>
<doc>Verifies that element ``locator`` is found on the current page.</doc>
<msg timestamp="20231207 04:01:51.301" level="INFO" html="true">&lt;/td&gt;&lt;/tr&gt;&lt;tr&gt;&lt;td colspan="3"&gt;&lt;a href="selenium-screenshot-19.png"&gt;&lt;img src="selenium-screenshot-19.png" width="800px"&gt;&lt;/a&gt;</msg>
<msg timestamp="20231207 04:01:51.301" level="FAIL">Page should have contained element 'xpath=//h2[contains(text(),'Sending e-mail success!')]' but did not.</msg>
<status status="FAIL" starttime="20231207 04:01:51.062" endtime="20231207 04:01:51.302"/>
</kw>
<kw name="Page Should Contain Element" library="SeleniumLibrary">
<arg>xpath=//h2[contains(text(),'Sending e-mail success!')]</arg>
<doc>Verifies that element ``locator`` is found on the current page.</doc>
<msg timestamp="20231207 04:01:52.525" level="INFO" html="true">&lt;/td&gt;&lt;/tr&gt;&lt;tr&gt;&lt;td colspan="3"&gt;&lt;a href="selenium-screenshot-20.png"&gt;&lt;img src="selenium-screenshot-20.png" width="800px"&gt;&lt;/a&gt;</msg>
<msg timestamp="20231207 04:01:52.526" level="FAIL">Page should have contained element 'xpath=//h2[contains(text(),'Sending e-mail success!')]' but did not.</msg>
<status status="FAIL" starttime="20231207 04:01:52.302" endtime="20231207 04:01:52.526"/>
</kw>
<kw name="Page Should Contain Element" library="SeleniumLibrary">
<arg>xpath=//h2[contains(text(),'Sending e-mail success!')]</arg>
<doc>Verifies that element ``locator`` is found on the current page.</doc>
<msg timestamp="20231207 04:01:53.762" level="INFO" html="true">&lt;/td&gt;&lt;/tr&gt;&lt;tr&gt;&lt;td colspan="3"&gt;&lt;a href="selenium-screenshot-21.png"&gt;&lt;img src="selenium-screenshot-21.png" width="800px"&gt;&lt;/a&gt;</msg>
<msg timestamp="20231207 04:01:53.762" level="FAIL">Page should have contained element 'xpath=//h2[contains(text(),'Sending e-mail success!')]' but did not.</msg>
<status status="FAIL" starttime="20231207 04:01:53.527" endtime="20231207 04:01:53.763"/>
</kw>
<kw name="Page Should Contain Element" library="SeleniumLibrary">
<arg>xpath=//h2[contains(text(),'Sending e-mail success!')]</arg>
<doc>Verifies that element ``locator`` is found on the current page.</doc>
<msg timestamp="20231207 04:01:54.769" level="INFO">Current page contains element 'xpath=//h2[contains(text(),'Sending e-mail success!')]'.</msg>
<status status="PASS" starttime="20231207 04:01:54.763" endtime="20231207 04:01:54.769"/>
</kw>
<status status="PASS" starttime="20231207 04:01:46.188" endtime="20231207 04:01:54.769"/>
</kw>
<status status="PASS" starttime="20231207 04:01:45.680" endtime="20231207 04:01:54.769"/>
</kw>
<kw name="Close Browser" library="SeleniumLibrary" type="TEARDOWN">
<doc>Closes the current browser.</doc>
<status status="PASS" starttime="20231207 04:01:54.769" endtime="20231207 04:01:56.969"/>
</kw>
<status status="PASS" starttime="20231207 04:01:40.758" endtime="20231207 04:01:56.970"/>
</test>
<status status="PASS" starttime="20231207 04:01:40.551" endtime="20231207 04:01:56.972"/>
</suite>
<status status="PASS" starttime="20231207 04:01:40.529" endtime="20231207 04:01:56.973"/>
</suite>
<statistics>
<total>
<stat pass="1" fail="0" skip="0">All Tests</stat>
</total>
<tag>
</tag>
<suite>
<stat pass="1" fail="0" skip="0" id="s1" name="Tests">Tests</stat>
<stat pass="1" fail="0" skip="0" id="s1-s1" name="Automobile  Insurance">Tests.Automobile  Insurance</stat>
</suite>
</statistics>
<errors>
</errors>
</robot>
